[0.383s] Invoking command in '/home/kauagpaiva/Github/Robotics/src/my_py_pkg': PYTHONPATH=/home/kauagpaiva/Github/Robotics/build/my_py_pkg/prefix_override:/home/kauagpaiva/Github/Robotics/install/my_py_pkg/lib/python3.10/site-packages:${PYTHONPATH} /usr/bin/python3 -W ignore:setup.py install is deprecated setup.py egg_info --egg-base ../../build/my_py_pkg build --build-base /home/kauagpaiva/Github/Robotics/build/my_py_pkg/build install --record /home/kauagpaiva/Github/Robotics/build/my_py_pkg/install.log --single-version-externally-managed install_data
[0.521s] running egg_info
[0.521s] writing ../../build/my_py_pkg/my_py_pkg.egg-info/PKG-INFO
[0.523s] writing dependency_links to ../../build/my_py_pkg/my_py_pkg.egg-info/dependency_links.txt
[0.523s] writing entry points to ../../build/my_py_pkg/my_py_pkg.egg-info/entry_points.txt
[0.523s] writing requirements to ../../build/my_py_pkg/my_py_pkg.egg-info/requires.txt
[0.523s] writing top-level names to ../../build/my_py_pkg/my_py_pkg.egg-info/top_level.txt
[0.524s] reading manifest file '../../build/my_py_pkg/my_py_pkg.egg-info/SOURCES.txt'
[0.525s] writing manifest file '../../build/my_py_pkg/my_py_pkg.egg-info/SOURCES.txt'
[0.525s] running build
[0.525s] running build_py
[0.525s] copying my_py_pkg/my_first_node.py -> /home/kauagpaiva/Github/Robotics/build/my_py_pkg/build/lib/my_py_pkg
[0.526s] running install
[0.526s] running install_lib
[0.527s] copying /home/kauagpaiva/Github/Robotics/build/my_py_pkg/build/lib/my_py_pkg/my_first_node.py -> /home/kauagpaiva/Github/Robotics/install/my_py_pkg/lib/python3.10/site-packages/my_py_pkg
[0.527s] byte-compiling /home/kauagpaiva/Github/Robotics/install/my_py_pkg/lib/python3.10/site-packages/my_py_pkg/my_first_node.py to my_first_node.cpython-310.pyc
[0.528s] running install_data
[0.528s] running install_egg_info
[0.529s] removing '/home/kauagpaiva/Github/Robotics/install/my_py_pkg/lib/python3.10/site-packages/my_py_pkg-0.0.0-py3.10.egg-info' (and everything under it)
[0.530s] Copying ../../build/my_py_pkg/my_py_pkg.egg-info to /home/kauagpaiva/Github/Robotics/install/my_py_pkg/lib/python3.10/site-packages/my_py_pkg-0.0.0-py3.10.egg-info
[0.531s] running install_scripts
[0.547s] Installing py_pkg script to /home/kauagpaiva/Github/Robotics/install/my_py_pkg/lib/my_py_pkg
[0.548s] writing list of installed files to '/home/kauagpaiva/Github/Robotics/build/my_py_pkg/install.log'
[0.567s] Invoked command in '/home/kauagpaiva/Github/Robotics/src/my_py_pkg' returned '0': PYTHONPATH=/home/kauagpaiva/Github/Robotics/build/my_py_pkg/prefix_override:/home/kauagpaiva/Github/Robotics/install/my_py_pkg/lib/python3.10/site-packages:${PYTHONPATH} /usr/bin/python3 -W ignore:setup.py install is deprecated setup.py egg_info --egg-base ../../build/my_py_pkg build --build-base /home/kauagpaiva/Github/Robotics/build/my_py_pkg/build install --record /home/kauagpaiva/Github/Robotics/build/my_py_pkg/install.log --single-version-externally-managed install_data
