[0.424s] Invoking command in '/home/kauagpaiva/Github/Robotics/src/my_py_pkg': PYTHONPATH=/home/kauagpaiva/Github/Robotics/build/my_py_pkg/prefix_override:/home/kauagpaiva/Github/Robotics/install/my_py_pkg/lib/python3.10/site-packages:${PYTHONPATH} WSLENV=ELECTRON_RUN_AS_NODE/w:WT_SESSION:WT_PROFILE_ID: /usr/bin/python3 -W ignore:setup.py install is deprecated setup.py egg_info --egg-base ../../build/my_py_pkg build --build-base /home/kauagpaiva/Github/Robotics/build/my_py_pkg/build install --record /home/kauagpaiva/Github/Robotics/build/my_py_pkg/install.log --single-version-externally-managed install_data
[0.558s] running egg_info
[0.558s] creating ../../build/my_py_pkg/my_py_pkg.egg-info
[0.559s] writing ../../build/my_py_pkg/my_py_pkg.egg-info/PKG-INFO
[0.560s] writing dependency_links to ../../build/my_py_pkg/my_py_pkg.egg-info/dependency_links.txt
[0.560s] writing entry points to ../../build/my_py_pkg/my_py_pkg.egg-info/entry_points.txt
[0.560s] writing requirements to ../../build/my_py_pkg/my_py_pkg.egg-info/requires.txt
[0.561s] writing top-level names to ../../build/my_py_pkg/my_py_pkg.egg-info/top_level.txt
[0.561s] writing manifest file '../../build/my_py_pkg/my_py_pkg.egg-info/SOURCES.txt'
[0.562s] reading manifest file '../../build/my_py_pkg/my_py_pkg.egg-info/SOURCES.txt'
[0.562s] writing manifest file '../../build/my_py_pkg/my_py_pkg.egg-info/SOURCES.txt'
[0.563s] running build
[0.563s] running build_py
[0.563s] creating /home/kauagpaiva/Github/Robotics/build/my_py_pkg/build
[0.563s] creating /home/kauagpaiva/Github/Robotics/build/my_py_pkg/build/lib
[0.563s] creating /home/kauagpaiva/Github/Robotics/build/my_py_pkg/build/lib/my_py_pkg
[0.563s] copying my_py_pkg/__init__.py -> /home/kauagpaiva/Github/Robotics/build/my_py_pkg/build/lib/my_py_pkg
[0.564s] running install
[0.564s] running install_lib
[0.564s] creating /home/kauagpaiva/Github/Robotics/install/my_py_pkg/lib/python3.10/site-packages/my_py_pkg
[0.565s] copying /home/kauagpaiva/Github/Robotics/build/my_py_pkg/build/lib/my_py_pkg/__init__.py -> /home/kauagpaiva/Github/Robotics/install/my_py_pkg/lib/python3.10/site-packages/my_py_pkg
[0.565s] byte-compiling /home/kauagpaiva/Github/Robotics/install/my_py_pkg/lib/python3.10/site-packages/my_py_pkg/__init__.py to __init__.cpython-310.pyc
[0.593s] running install_data
[0.593s] creating /home/kauagpaiva/Github/Robotics/install/my_py_pkg/share/ament_index
[0.593s] creating /home/kauagpaiva/Github/Robotics/install/my_py_pkg/share/ament_index/resource_index
[0.594s] creating /home/kauagpaiva/Github/Robotics/install/my_py_pkg/share/ament_index/resource_index/packages
[0.594s] copying resource/my_py_pkg -> /home/kauagpaiva/Github/Robotics/install/my_py_pkg/share/ament_index/resource_index/packages
[0.594s] copying package.xml -> /home/kauagpaiva/Github/Robotics/install/my_py_pkg/share/my_py_pkg
[0.594s] running install_egg_info
[0.597s] Copying ../../build/my_py_pkg/my_py_pkg.egg-info to /home/kauagpaiva/Github/Robotics/install/my_py_pkg/lib/python3.10/site-packages/my_py_pkg-0.0.0-py3.10.egg-info
[0.635s] running install_scripts
[0.655s] writing list of installed files to '/home/kauagpaiva/Github/Robotics/build/my_py_pkg/install.log'
[0.674s] Invoked command in '/home/kauagpaiva/Github/Robotics/src/my_py_pkg' returned '0': PYTHONPATH=/home/kauagpaiva/Github/Robotics/build/my_py_pkg/prefix_override:/home/kauagpaiva/Github/Robotics/install/my_py_pkg/lib/python3.10/site-packages:${PYTHONPATH} WSLENV=ELECTRON_RUN_AS_NODE/w:WT_SESSION:WT_PROFILE_ID: /usr/bin/python3 -W ignore:setup.py install is deprecated setup.py egg_info --egg-base ../../build/my_py_pkg build --build-base /home/kauagpaiva/Github/Robotics/build/my_py_pkg/build install --record /home/kauagpaiva/Github/Robotics/build/my_py_pkg/install.log --single-version-externally-managed install_data
