[0.565s] Invoking command in '/home/kauagpaiva/Github/Robotics/src/my_py_pkg': PYTHONPATH=/home/kauagpaiva/Github/Robotics/build/my_py_pkg/prefix_override:/home/kauagpaiva/Github/Robotics/install/my_py_pkg/lib/python3.10/site-packages:${PYTHONPATH} WSLENV=ELECTRON_RUN_AS_NODE/w:WT_SESSION:WT_PROFILE_ID: /usr/bin/python3 -W ignore:setup.py install is deprecated setup.py egg_info --egg-base ../../build/my_py_pkg build --build-base /home/kauagpaiva/Github/Robotics/build/my_py_pkg/build install --record /home/kauagpaiva/Github/Robotics/build/my_py_pkg/install.log --single-version-externally-managed install_data
[0.720s] running egg_info
[0.721s] writing ../../build/my_py_pkg/my_py_pkg.egg-info/PKG-INFO
[0.722s] writing dependency_links to ../../build/my_py_pkg/my_py_pkg.egg-info/dependency_links.txt
[0.722s] writing entry points to ../../build/my_py_pkg/my_py_pkg.egg-info/entry_points.txt
[0.723s] writing requirements to ../../build/my_py_pkg/my_py_pkg.egg-info/requires.txt
[0.723s] writing top-level names to ../../build/my_py_pkg/my_py_pkg.egg-info/top_level.txt
[0.726s] reading manifest file '../../build/my_py_pkg/my_py_pkg.egg-info/SOURCES.txt'
[0.727s] writing manifest file '../../build/my_py_pkg/my_py_pkg.egg-info/SOURCES.txt'
[0.727s] running build
[0.727s] running build_py
[0.728s] running install
[0.728s] running install_lib
[0.729s] running install_data
[0.729s] running install_egg_info
[0.731s] removing '/home/kauagpaiva/Github/Robotics/install/my_py_pkg/lib/python3.10/site-packages/my_py_pkg-0.0.0-py3.10.egg-info' (and everything under it)
[0.733s] Copying ../../build/my_py_pkg/my_py_pkg.egg-info to /home/kauagpaiva/Github/Robotics/install/my_py_pkg/lib/python3.10/site-packages/my_py_pkg-0.0.0-py3.10.egg-info
[0.735s] running install_scripts
[0.752s] Installing py_node script to /home/kauagpaiva/Github/Robotics/install/my_py_pkg/lib/my_py_pkg
[0.753s] writing list of installed files to '/home/kauagpaiva/Github/Robotics/build/my_py_pkg/install.log'
[0.774s] Invoked command in '/home/kauagpaiva/Github/Robotics/src/my_py_pkg' returned '0': PYTHONPATH=/home/kauagpaiva/Github/Robotics/build/my_py_pkg/prefix_override:/home/kauagpaiva/Github/Robotics/install/my_py_pkg/lib/python3.10/site-packages:${PYTHONPATH} WSLENV=ELECTRON_RUN_AS_NODE/w:WT_SESSION:WT_PROFILE_ID: /usr/bin/python3 -W ignore:setup.py install is deprecated setup.py egg_info --egg-base ../../build/my_py_pkg build --build-base /home/kauagpaiva/Github/Robotics/build/my_py_pkg/build install --record /home/kauagpaiva/Github/Robotics/build/my_py_pkg/install.log --single-version-externally-managed install_data
